<?xml version="1.0" encoding="UTF-8"?>
<!-- Generated by org.testng.reporters.JUnitReportReporter -->
<testsuite skipped="0" hostname="INHYDLDSINGH" name="test.REG_Negative" tests="2" failures="0" timestamp="11 Oct 2019 08:33:08 GMT" time="1049.060" errors="0">
  <testcase name="login" time="3.538" classname="test.REG_Negative"/>
  <testcase name="Regist" time="1045.522" classname="test.REG_Negative"/>
</testsuite> <!-- test.REG_Negative -->
