<?xml version="1.0" encoding="UTF-8"?>
<!-- Generated by org.testng.reporters.JUnitReportReporter -->
<testsuite skipped="0" hostname="INHYDLDSINGH" name="test.VRDriverClass" tests="1" failures="0" timestamp="10 Oct 2019 06:16:29 GMT" time="711.651" errors="0">
  <testcase name="vesselRegistration" time="711.651" classname="test.VRDriverClass"/>
</testsuite> <!-- test.VRDriverClass -->
