<?xml version="1.0" encoding="UTF-8"?>
<!-- Generated by org.testng.reporters.JUnitReportReporter -->
<testsuite skipped="0" hostname="INHYDLDSINGH" name="test.PTTDriverClass" tests="1" failures="0" timestamp="12 Nov 2020 11:15:02 GMT" time="119.019" errors="0">
  <testcase name="create_PTTApprovalConditions" time="119.019" classname="test.PTTDriverClass"/>
</testsuite> <!-- test.PTTDriverClass -->
